\BOOKMARK [1][-]{section.1}{\376\377\0001\000.\000\040\225\356\230\230\221\315\217\360}{}% 1
\BOOKMARK [2][-]{subsection.1.1}{\376\377\0001\000.\0001\000\040\170\024\172\166\200\314\146\157}{section.1}% 2
\BOOKMARK [2][-]{subsection.1.2}{\376\377\0001\000.\0002\000\040\135\362\167\345\117\341\140\157}{section.1}% 3
\BOOKMARK [2][-]{subsection.1.3}{\376\377\0001\000.\0003\000\040\227\000\211\201\211\343\121\263\166\204\225\356\230\230}{section.1}% 4
\BOOKMARK [1][-]{section.2}{\376\377\0002\000.\000\040\152\041\127\213\120\107\213\276}{}% 5
\BOOKMARK [1][-]{section.3}{\376\377\0003\000.\000\040\173\046\123\367\213\364\146\016}{}% 6
\BOOKMARK [1][-]{section.4}{\376\377\0004\000.\000\040\225\356\230\230\116\000\152\041\127\213\166\204\136\372\172\313\116\016\154\102\211\343}{}% 7
\BOOKMARK [2][-]{subsection.4.1}{\376\377\0004\000.\0001\000\040\225\356\230\230\143\317\217\360\116\016\122\006\147\220}{section.4}% 8
\BOOKMARK [2][-]{subsection.4.2}{\376\377\0004\000.\0002\000\040\152\041\127\213\166\204\154\102\211\343}{section.4}% 9
\BOOKMARK [2][-]{subsection.4.3}{\376\377\0004\000.\0003\000\040\154\102\211\343\176\323\147\234\116\016\122\006\147\220}{section.4}% 10
\BOOKMARK [1][-]{section.5}{\376\377\0005\000.\000\040\225\356\230\230\116\214\152\041\127\213\166\204\136\372\172\313\116\016\154\102\211\343}{}% 11
\BOOKMARK [2][-]{subsection.5.1}{\376\377\0005\000.\0001\000\040\225\356\230\230\166\204\143\317\217\360\116\016\122\006\147\220}{section.5}% 12
\BOOKMARK [2][-]{subsection.5.2}{\376\377\0005\000.\0002\000\040\152\041\127\213\166\204\154\102\211\343}{section.5}% 13
\BOOKMARK [2][-]{subsection.5.3}{\376\377\0005\000.\0003\000\040\154\102\211\343\176\323\147\234\116\016\122\006\147\220}{section.5}% 14
\BOOKMARK [1][-]{section.6}{\376\377\0006\000.\000\040\225\356\230\230\116\011\152\041\127\213\166\204\136\372\172\313\116\016\154\102\211\343}{}% 15
\BOOKMARK [2][-]{subsection.6.1}{\376\377\0006\000.\0001\000\040\225\356\230\230\166\204\143\317\217\360\116\016\122\006\147\220}{section.6}% 16
\BOOKMARK [2][-]{subsection.6.2}{\376\377\0006\000.\0002\000\040\152\041\127\213\166\204\154\102\211\343}{section.6}% 17
\BOOKMARK [2][-]{subsection.6.3}{\376\377\0006\000.\0003\000\040\154\102\211\343\176\323\147\234\116\016\122\006\147\220}{section.6}% 18
\BOOKMARK [1][-]{section.7}{\376\377\0007\000.\000\040\152\041\127\213\166\204\133\371\153\324\122\006\147\220}{}% 19
\BOOKMARK [1][-]{section.8}{\376\377\0008\000.\000\040\152\041\127\213\166\204\140\073\176\323\116\016\213\304\116\367}{}% 20
\BOOKMARK [2][-]{subsection.8.1}{\376\377\0008\000.\0001\000\040\152\041\127\213\166\204\140\073\176\323}{section.8}% 21
\BOOKMARK [2][-]{subsection.8.2}{\376\377\0008\000.\0002\000\040\152\041\127\213\166\204\213\304\116\367}{section.8}% 22
\BOOKMARK [1][-]{section.9}{\376\377\0009\000.\000\040\123\302\200\003\145\207\163\056}{}% 23
\BOOKMARK [1][-]{section.1}{\376\377\226\104\137\125\000A\000\040\172\013\136\217\116\343\170\001}{}% 24
